0 info it worked if it ends with ok
1 verbose cli [ 'node',
1 verbose cli   '/usr/local/bin/npm',
1 verbose cli   'install',
1 verbose cli   '-g',
1 verbose cli   'cordova',
1 verbose cli   'ionic' ]
2 info using npm@1.4.28
3 info using node@v0.10.33
4 verbose cache add [ 'cordova', null ]
5 verbose cache add name=undefined spec="cordova" args=["cordova",null]
6 verbose parsed url { protocol: null,
6 verbose parsed url   slashes: null,
6 verbose parsed url   auth: null,
6 verbose parsed url   host: null,
6 verbose parsed url   port: null,
6 verbose parsed url   hostname: null,
6 verbose parsed url   hash: null,
6 verbose parsed url   search: null,
6 verbose parsed url   query: null,
6 verbose parsed url   pathname: 'cordova',
6 verbose parsed url   path: 'cordova',
6 verbose parsed url   href: 'cordova' }
7 verbose cache add [ 'ionic', null ]
8 verbose cache add name=undefined spec="ionic" args=["ionic",null]
9 verbose parsed url { protocol: null,
9 verbose parsed url   slashes: null,
9 verbose parsed url   auth: null,
9 verbose parsed url   host: null,
9 verbose parsed url   port: null,
9 verbose parsed url   hostname: null,
9 verbose parsed url   hash: null,
9 verbose parsed url   search: null,
9 verbose parsed url   query: null,
9 verbose parsed url   pathname: 'ionic',
9 verbose parsed url   path: 'ionic',
9 verbose parsed url   href: 'ionic' }
10 silly lockFile a98f2055-cordova cordova
11 verbose lock cordova /Users/dominic/.npm/a98f2055-cordova.lock
12 silly lockFile 00d10074-ionic ionic
13 verbose lock ionic /Users/dominic/.npm/00d10074-ionic.lock
14 silly lockFile a98f2055-cordova cordova
15 silly lockFile a98f2055-cordova cordova
16 silly lockFile 00d10074-ionic ionic
17 silly lockFile 00d10074-ionic ionic
18 verbose addNamed [ 'cordova', '' ]
19 verbose addNamed [ null, '*' ]
20 silly lockFile de8d9fad-cordova cordova@
21 verbose lock cordova@ /Users/dominic/.npm/de8d9fad-cordova.lock
22 verbose addNamed [ 'ionic', '' ]
23 verbose addNamed [ null, '*' ]
24 silly lockFile 966fc04a-ionic ionic@
25 verbose lock ionic@ /Users/dominic/.npm/966fc04a-ionic.lock
26 silly addNameRange { name: 'cordova', range: '*', hasData: false }
27 silly addNameRange { name: 'ionic', range: '*', hasData: false }
28 verbose request where is /ionic
29 verbose request registry https://registry.npmjs.org/
30 verbose request id 121d4d3b5d2aba36
31 verbose url raw /ionic
32 verbose url resolving [ 'https://registry.npmjs.org/', './ionic' ]
33 verbose url resolved https://registry.npmjs.org/ionic
34 verbose request where is https://registry.npmjs.org/ionic
35 info trying registry request attempt 1 at 09:42:31
36 http GET https://registry.npmjs.org/ionic
37 verbose request where is /cordova
38 verbose request registry https://registry.npmjs.org/
39 verbose url raw /cordova
40 verbose url resolving [ 'https://registry.npmjs.org/', './cordova' ]
41 verbose url resolved https://registry.npmjs.org/cordova
42 verbose request where is https://registry.npmjs.org/cordova
43 info trying registry request attempt 1 at 09:42:31
44 verbose etag "AHFN37PN9WB2B111AQVTCXRED"
45 http GET https://registry.npmjs.org/cordova
46 http 200 https://registry.npmjs.org/ionic
47 silly registry.get cb [ 200,
47 silly registry.get   { server: 'CouchDB/1.5.0 (Erlang OTP/R16B03)',
47 silly registry.get     etag: '"7RRHBPCPCSZABQ5PORKXJ1NTT"',
47 silly registry.get     'content-type': 'application/json',
47 silly registry.get     'cache-control': 'max-age=60',
47 silly registry.get     'content-length': '468199',
47 silly registry.get     'accept-ranges': 'bytes',
47 silly registry.get     date: 'Wed, 19 Aug 2015 01:42:31 GMT',
47 silly registry.get     via: '1.1 varnish',
47 silly registry.get     age: '0',
47 silly registry.get     connection: 'keep-alive',
47 silly registry.get     'x-served-by': 'cache-hkg6820-HKG',
47 silly registry.get     'x-cache': 'HIT',
47 silly registry.get     'x-cache-hits': '1',
47 silly registry.get     'x-timer': 'S1439948550.780382,VS0,VE926',
47 silly registry.get     vary: 'Accept' } ]
48 http 200 https://registry.npmjs.org/cordova
49 silly registry.get cb [ 200,
49 silly registry.get   { server: 'CouchDB/1.5.0 (Erlang OTP/R16B03)',
49 silly registry.get     etag: '"A98I0ISDLLU5V4PHIBHX70RN4"',
49 silly registry.get     'content-type': 'application/json',
49 silly registry.get     'cache-control': 'max-age=60',
49 silly registry.get     'content-length': '355829',
49 silly registry.get     'accept-ranges': 'bytes',
49 silly registry.get     date: 'Wed, 19 Aug 2015 01:42:31 GMT',
49 silly registry.get     via: '1.1 varnish',
49 silly registry.get     age: '0',
49 silly registry.get     connection: 'keep-alive',
49 silly registry.get     'x-served-by': 'cache-hkg6824-HKG',
49 silly registry.get     'x-cache': 'HIT',
49 silly registry.get     'x-cache-hits': '1',
49 silly registry.get     'x-timer': 'S1439948550.780048,VS0,VE735',
49 silly registry.get     vary: 'Accept' } ]
50 silly addNameRange number 2 { name: 'cordova', range: '*', hasData: true }
51 silly addNameRange versions [ 'cordova',
51 silly addNameRange   [ '0.0.1',
51 silly addNameRange     '0.0.2',
51 silly addNameRange     '0.0.3',
51 silly addNameRange     '0.0.4',
51 silly addNameRange     '0.0.5',
51 silly addNameRange     '0.0.6',
51 silly addNameRange     '0.0.7',
51 silly addNameRange     '0.0.8',
51 silly addNameRange     '0.0.9',
51 silly addNameRange     '0.1.0',
51 silly addNameRange     '0.1.1',
51 silly addNameRange     '0.1.2',
51 silly addNameRange     '0.1.3',
51 silly addNameRange     '0.1.4',
51 silly addNameRange     '0.1.5',
51 silly addNameRange     '0.1.6',
51 silly addNameRange     '0.1.7',
51 silly addNameRange     '0.1.8',
51 silly addNameRange     '0.1.9',
51 silly addNameRange     '0.1.10',
51 silly addNameRange     '0.1.11',
51 silly addNameRange     '0.1.12',
51 silly addNameRange     '0.1.13',
51 silly addNameRange     '0.1.14',
51 silly addNameRange     '2.2.0',
51 silly addNameRange     '2.3.0',
51 silly addNameRange     '2.3.1',
51 silly addNameRange     '2.3.2',
51 silly addNameRange     '2.3.3',
51 silly addNameRange     '2.3.5',
51 silly addNameRange     '2.3.6',
51 silly addNameRange     '2.4.0',
51 silly addNameRange     '2.4.1',
51 silly addNameRange     '2.4.2',
51 silly addNameRange     '2.4.3',
51 silly addNameRange     '2.4.4',
51 silly addNameRange     '2.4.5',
51 silly addNameRange     '2.4.6',
51 silly addNameRange     '2.4.7',
51 silly addNameRange     '2.4.8',
51 silly addNameRange     '2.4.9',
51 silly addNameRange     '2.4.10',
51 silly addNameRange     '2.5.0',
51 silly addNameRange     '2.5.2',
51 silly addNameRange     '2.5.3',
51 silly addNameRange     '2.5.4',
51 silly addNameRange     '2.5.5',
51 silly addNameRange     '2.6.0',
51 silly addNameRange     '2.6.1',
51 silly addNameRange     '2.6.2',
51 silly addNameRange     '2.7.0-rc.1',
51 silly addNameRange     '2.7.1-rc.1',
51 silly addNameRange     '2.7.2',
51 silly addNameRange     '2.7.3',
51 silly addNameRange     '2.7.4',
51 silly addNameRange     '2.8.0',
51 silly addNameRange     '2.8.1',
51 silly addNameRange     '2.8.2',
51 silly addNameRange     '2.8.3',
51 silly addNameRange     '2.8.4',
51 silly addNameRange     '2.8.5',
51 silly addNameRange     '2.8.6',
51 silly addNameRange     '2.8.7',
51 silly addNameRange     '2.8.8',
51 silly addNameRange     '2.8.9',
51 silly addNameRange     '2.8.10',
51 silly addNameRange     '2.8.11',
51 silly addNameRange     '2.8.12',
51 silly addNameRange     '2.8.13',
51 silly addNameRange     '2.8.14',
51 silly addNameRange     '2.8.15',
51 silly addNameRange     '2.8.16',
51 silly addNameRange     '2.8.17',
51 silly addNameRange     '2.8.18',
51 silly addNameRange     '2.8.19',
51 silly addNameRange     '2.8.20',
51 silly addNameRange     '2.8.21',
51 silly addNameRange     '2.8.22',
51 silly addNameRange     '2.8.23',
51 silly addNameRange     '2.8.24',
51 silly addNameRange     '2.8.25',
51 silly addNameRange     '2.9.0',
51 silly addNameRange     '2.9.1',
51 silly addNameRange     '2.9.2',
51 silly addNameRange     '2.9.3',
51 silly addNameRange     '2.9.4',
51 silly addNameRange     '2.9.5',
51 silly addNameRange     '2.9.6',
51 silly addNameRange     '2.9.7',
51 silly addNameRange     '3.0.0-rc1',
51 silly addNameRange     '3.0.0-rc1-1',
51 silly addNameRange     '3.0.0-rc1-3',
51 silly addNameRange     '3.0.0',
51 silly addNameRange     '3.0.1',
51 silly addNameRange     '3.0.2',
51 silly addNameRange     '3.0.3',
51 silly addNameRange     '3.0.4',
51 silly addNameRange     '3.0.5',
51 silly addNameRange     '3.0.6',
51 silly addNameRange     '3.0.7',
51 silly addNameRange     '3.0.8',
51 silly addNameRange     '3.0.9',
51 silly addNameRange     '3.0.10',
51 silly addNameRange     '3.1.0-0.1.0',
51 silly addNameRange     '3.1.0-0.2.0',
51 silly addNameRange     '3.2.0-rc.1',
51 silly addNameRange     '3.2.0-0.1.0',
51 silly addNameRange     '3.2.0-0.2.0',
51 silly addNameRange     '3.2.0-0.3.0',
51 silly addNameRange     '3.2.0-0.4.0',
51 silly addNameRange     '3.3.0-rc.1',
51 silly addNameRange     '3.3.0-0.1.1',
51 silly addNameRange     '3.3.1-0.1.2',
51 silly addNameRange     '2.9.0-rc1',
51 silly addNameRange     '3.3.1-0.3.0',
51 silly addNameRange     '3.3.1-0.3.1',
51 silly addNameRange     '3.3.1-0.4.1',
51 silly addNameRange     '3.3.1-0.4.2',
51 silly addNameRange     '3.4.0-0.1.0',
51 silly addNameRange     '3.4.0-0.1.1',
51 silly addNameRange     '3.4.0-0.1.2',
51 silly addNameRange     '3.4.0-0.1.3',
51 silly addNameRange     '0.0.0-fake',
51 silly addNameRange     '3.4.1-0.1.0',
51 silly addNameRange     '3.5.0-0.2.0',
51 silly addNameRange     '3.5.0-0.2.1',
51 silly addNameRange     '3.5.0-0.2.2',
51 silly addNameRange     '3.5.0-0.2.3',
51 silly addNameRange     '3.5.0-0.2.4',
51 silly addNameRange     '3.5.0-0.2.6',
51 silly addNameRange     '3.5.0-0.2.7',
51 silly addNameRange     '3.6.0-0.2.8',
51 silly addNameRange     '3.6.0-0.2.9',
51 silly addNameRange     '3.6.1-0.2.10',
51 silly addNameRange     '3.6.3-0.2.11',
51 silly addNameRange     '3.6.3-0.2.12',
51 silly addNameRange     '3.6.3-0.2.13',
51 silly addNameRange     '4.0.0',
51 silly addNameRange     '4.0.1',
51 silly addNameRange     '4.1.0',
51 silly addNameRange     '4.1.1',
51 silly addNameRange     '4.1.2',
51 silly addNameRange     '4.1.3-nightly.2014.10.21',
51 silly addNameRange     '4.2.0',
51 silly addNameRange     '4.3.0',
51 silly addNameRange     '5.0.0',
51 silly addNameRange     '4.3.1',
51 silly addNameRange     '5.1.1',
51 silly addNameRange     '5.2.0' ] ]
52 verbose addNamed [ 'cordova', '5.2.0' ]
53 verbose addNamed [ '5.2.0', '5.2.0' ]
54 silly lockFile c4fce3c5-cordova-5-2-0 cordova@5.2.0
55 verbose lock cordova@5.2.0 /Users/dominic/.npm/c4fce3c5-cordova-5-2-0.lock
56 silly addNameRange number 2 { name: 'ionic', range: '*', hasData: true }
57 silly addNameRange versions [ 'ionic',
57 silly addNameRange   [ '0.9.6',
57 silly addNameRange     '0.9.8',
57 silly addNameRange     '0.9.9',
57 silly addNameRange     '0.9.10',
57 silly addNameRange     '0.9.11',
57 silly addNameRange     '0.9.12',
57 silly addNameRange     '0.9.13',
57 silly addNameRange     '0.9.14',
57 silly addNameRange     '0.9.15',
57 silly addNameRange     '0.9.16',
57 silly addNameRange     '1.0.0-beta.1',
57 silly addNameRange     '1.0.0-beta',
57 silly addNameRange     '1.0.1-beta',
57 silly addNameRange     '1.0.3-beta',
57 silly addNameRange     '1.0.4',
57 silly addNameRange     '1.0.5',
57 silly addNameRange     '1.0.6',
57 silly addNameRange     '1.0.7',
57 silly addNameRange     '1.0.8',
57 silly addNameRange     '1.0.9',
57 silly addNameRange     '1.0.10',
57 silly addNameRange     '1.0.11',
57 silly addNameRange     '1.0.12',
57 silly addNameRange     '1.0.13',
57 silly addNameRange     '1.0.14',
57 silly addNameRange     '1.0.15',
57 silly addNameRange     '1.0.16',
57 silly addNameRange     '1.0.17',
57 silly addNameRange     '1.1.0-beta1',
57 silly addNameRange     '1.1.0-beta2',
57 silly addNameRange     '1.1.0-beta3',
57 silly addNameRange     '1.1.0-beta4',
57 silly addNameRange     '1.1.0-beta5',
57 silly addNameRange     '1.1.0-beta6',
57 silly addNameRange     '1.1.0',
57 silly addNameRange     '1.1.1-beta1',
57 silly addNameRange     '1.1.1-beta2',
57 silly addNameRange     '1.1.1-beta3',
57 silly addNameRange     '1.1.1',
57 silly addNameRange     '1.1.3',
57 silly addNameRange     '1.1.4',
57 silly addNameRange     '1.1.5-beta1',
57 silly addNameRange     '1.1.5-beta2',
57 silly addNameRange     '1.1.5-beta3',
57 silly addNameRange     '1.1.5-beta4',
57 silly addNameRange     '1.1.5-beta5',
57 silly addNameRange     '1.1.5',
57 silly addNameRange     '1.1.6',
57 silly addNameRange     '1.1.7-beta1',
57 silly addNameRange     '1.1.7',
57 silly addNameRange     '1.1.8-beta1',
57 silly addNameRange     '1.1.8-beta2',
57 silly addNameRange     '1.1.8-beta3',
57 silly addNameRange     '1.1.8-beta4',
57 silly addNameRange     '1.1.8-beta5',
57 silly addNameRange     '1.1.8',
57 silly addNameRange     '1.1.9-beta1',
57 silly addNameRange     '1.1.9',
57 silly addNameRange     '1.1.10',
57 silly addNameRange     '1.1.11-beta1',
57 silly addNameRange     '1.1.11-beta2',
57 silly addNameRange     '1.1.11',
57 silly addNameRange     '1.1.12-beta1',
57 silly addNameRange     '1.1.12-beta2',
57 silly addNameRange     '1.1.12-beta3',
57 silly addNameRange     '1.1.12',
57 silly addNameRange     '1.1.13',
57 silly addNameRange     '1.1.14-beta1',
57 silly addNameRange     '1.1.14-beta2',
57 silly addNameRange     '1.1.14-beta3',
57 silly addNameRange     '1.2.0-beta1',
57 silly addNameRange     '1.2.0',
57 silly addNameRange     '1.2.1-beta1',
57 silly addNameRange     '1.2.1-beta2',
57 silly addNameRange     '1.2.1-beta3',
57 silly addNameRange     '1.2.1-beta4',
57 silly addNameRange     '1.2.1',
57 silly addNameRange     '1.2.2',
57 silly addNameRange     '1.2.3-beta1',
57 silly addNameRange     '1.2.3-beta2',
57 silly addNameRange     '1.2.3-beta3',
57 silly addNameRange     '1.2.3',
57 silly addNameRange     '1.2.4-beta1',
57 silly addNameRange     '1.2.4-beta2',
57 silly addNameRange     '1.2.4-beta3',
57 silly addNameRange     '1.2.4',
57 silly addNameRange     '1.2.5-beta1',
57 silly addNameRange     '1.2.5-beta2',
57 silly addNameRange     '1.2.5-beta3',
57 silly addNameRange     '1.2.5',
57 silly addNameRange     '1.2.6-beta1',
57 silly addNameRange     '1.2.6-beta2',
57 silly addNameRange     '1.2.6-beta3',
57 silly addNameRange     '1.2.6',
57 silly addNameRange     '1.2.7',
57 silly addNameRange     '1.2.8-beta1',
57 silly addNameRange     '1.2.8-beta2',
57 silly addNameRange     '1.2.8',
57 silly addNameRange     '1.2.9',
57 silly addNameRange     '1.2.10',
57 silly addNameRange     '1.2.11',
57 silly addNameRange     '1.2.12',
57 silly addNameRange     '1.2.13',
57 silly addNameRange     '1.2.14-beta1',
57 silly addNameRange     '1.2.14-beta2',
57 silly addNameRange     '1.2.14-beta3',
57 silly addNameRange     '1.2.14-beta4',
57 silly addNameRange     '1.2.14-beta5',
57 silly addNameRange     '1.2.14-beta6',
57 silly addNameRange     '1.2.14',
57 silly addNameRange     '1.3.0-beta1',
57 silly addNameRange     '1.3.0',
57 silly addNameRange     '1.3.1',
57 silly addNameRange     '1.3.2',
57 silly addNameRange     '1.3.3',
57 silly addNameRange     '1.3.4',
57 silly addNameRange     '1.3.5',
57 silly addNameRange     '1.3.6',
57 silly addNameRange     '1.3.7',
57 silly addNameRange     '1.3.8',
57 silly addNameRange     '1.3.9',
57 silly addNameRange     '1.3.10',
57 silly addNameRange     '1.4.0-alpha.1',
57 silly addNameRange     '1.3.11',
57 silly addNameRange     '1.3.1-1.alpha.0',
57 silly addNameRange     '1.4.0-alpha.2',
57 silly addNameRange     '1.3.12',
57 silly addNameRange     '1.3.12-beta.1',
57 silly addNameRange     '1.3.12-beta.2',
57 silly addNameRange     '1.3.13-beta.0',
57 silly addNameRange     '1.3.1-3.beta.1',
57 silly addNameRange     '1.3.1-3.beta.2',
57 silly addNameRange     '1.3.13',
57 silly addNameRange     '1.3.1-3.beta.4',
57 silly addNameRange     '1.3.14-beta',
57 silly addNameRange     '1.3.14-beta.1',
57 silly addNameRange     '1.4.0-alpha.3',
57 silly addNameRange     '1.3.14',
57 silly addNameRange     '1.4.0-alpha.4',
57 silly addNameRange     '1.4.0-alpha.5',
57 silly addNameRange     '1.3.15-beta.0',
57 silly addNameRange     '1.3.15-beta.1',
57 silly addNameRange     '1.3.15-beta.2',
57 silly addNameRange     '1.3.15-beta.3',
57 silly addNameRange     '1.3.15-beta.4',
57 silly addNameRange     '1.3.15',
57 silly addNameRange     '1.3.16',
57 silly addNameRange     '1.4.0-alpha.6',
57 silly addNameRange     '1.3.17-beta.0',
57 silly addNameRange     '1.3.17-beta.1',
57 silly addNameRange     '1.3.17-beta.2',
57 silly addNameRange     '1.3.17-beta.3',
57 silly addNameRange     '1.3.1-7.beta.4',
57 silly addNameRange     '1.3.17',
57 silly addNameRange     '1.3.18-beta.0',
57 silly addNameRange     '1.3.18-beta.1',
57 silly addNameRange     '1.3.18-beta.2',
57 silly addNameRange     '1.3.18-beta.3',
57 silly addNameRange     '1.3.18',
57 silly addNameRange     '1.3.19-beta.0',
57 silly addNameRange     '1.3.19-beta.1',
57 silly addNameRange     '1.3.19-beta.2',
57 silly addNameRange     '1.3.19-beta.3',
57 silly addNameRange     '1.3.19-beta.4',
57 silly addNameRange     '1.3.19',
57 silly addNameRange     '1.3.20',
57 silly addNameRange     '1.4.1-beta.0',
57 silly addNameRange     '1.4.0-beta.1',
57 silly addNameRange     '1.4.0-beta.2',
57 silly addNameRange     '1.4.0-beta.3',
57 silly addNameRange     '1.4.0-beta.5',
57 silly addNameRange     '1.4.0-beta.6',
57 silly addNameRange     '1.4.0-beta.7',
57 silly addNameRange     '1.3.21-beta.0',
57 silly addNameRange     '1.3.21-beta.1',
57 silly addNameRange     '1.3.21',
57 silly addNameRange     '1.3.22',
57 silly addNameRange     '1.4.0-beta.8',
57 silly addNameRange     '1.4.0-beta.9',
57 silly addNameRange     '1.4.0-beta.10',
57 silly addNameRange     '1.4.0-beta.11',
57 silly addNameRange     '1.4.0-beta.12',
57 silly addNameRange     '1.4.0-beta.13',
57 silly addNameRange     '1.4.0-beta.14',
57 silly addNameRange     '1.4.0-beta.15',
57 silly addNameRange     '1.4.0-beta.16',
57 silly addNameRange     '1.4.0-beta.17',
57 silly addNameRange     '1.4.0-beta.18',
57 silly addNameRange     '1.4.0',
57 silly addNameRange     '1.4.1',
57 silly addNameRange     '1.4.2',
57 silly addNameRange     '1.4.3',
57 silly addNameRange     '1.4.4-beta.0',
57 silly addNameRange     '1.4.4-beta.2',
57 silly addNameRange     '1.4.4',
57 silly addNameRange     '1.4.5-beta.0',
57 silly addNameRange     '1.4.5-beta.1',
57 silly addNameRange     '1.4.5-beta.2',
57 silly addNameRange     '1.4.5-beta.3',
57 silly addNameRange     '1.4.5',
57 silly addNameRange     '1.4.6-beta.0',
57 silly addNameRange     '1.4.6',
57 silly addNameRange     '1.4.7',
57 silly addNameRange     '1.4.8',
57 silly addNameRange     '1.5.0-beta.0',
57 silly addNameRange     '1.5.0-beta.1',
57 silly addNameRange     '1.5.0',
57 silly addNameRange     '1.5.1-beta.0',
57 silly addNameRange     '1.5.1-beta.1',
57 silly addNameRange     '1.5.1-beta.2',
57 silly addNameRange     '1.5.1-beta.3',
57 silly addNameRange     '1.5.1-beta.4',
57 silly addNameRange     '1.5.1',
57 silly addNameRange     '1.5.2',
57 silly addNameRange     '1.5.3',
57 silly addNameRange     '1.5.4',
57 silly addNameRange     '1.5.5',
57 silly addNameRange     '1.6.0-beta.1',
57 silly addNameRange     '1.6.0',
57 silly addNameRange     '1.6.1',
57 silly addNameRange     '1.6.2-beta.0',
57 silly addNameRange     '1.6.2-beta.1',
57 silly addNameRange     '1.6.2-beta.2',
57 silly addNameRange     '1.6.2',
57 silly addNameRange     '1.6.3-beta.0',
57 silly addNameRange     '1.6.3-beta.1',
57 silly addNameRange     '1.6.3',
57 silly addNameRange     '1.6.4-beta.0',
57 silly addNameRange     '1.6.4-beta.1',
57 silly addNameRange     '1.6.4' ] ]
58 verbose addNamed [ 'ionic', '1.6.4' ]
59 verbose addNamed [ '1.6.4', '1.6.4' ]
60 silly lockFile 6a2ff0ca-ionic-1-6-4 ionic@1.6.4
61 verbose lock ionic@1.6.4 /Users/dominic/.npm/6a2ff0ca-ionic-1-6-4.lock
62 silly lockFile a777fc73-js-org-cordova-cordova-5-2-0-tgz https://registry.npmjs.org/cordova/-/cordova-5.2.0.tgz
63 verbose lock https://registry.npmjs.org/cordova/-/cordova-5.2.0.tgz /Users/dominic/.npm/a777fc73-js-org-cordova-cordova-5-2-0-tgz.lock
64 silly lockFile 9778ecc1--npmjs-org-ionic-ionic-1-6-4-tgz https://registry.npmjs.org/ionic/-/ionic-1.6.4.tgz
65 verbose lock https://registry.npmjs.org/ionic/-/ionic-1.6.4.tgz /Users/dominic/.npm/9778ecc1--npmjs-org-ionic-ionic-1-6-4-tgz.lock
66 verbose addRemoteTarball [ 'https://registry.npmjs.org/cordova/-/cordova-5.2.0.tgz',
66 verbose addRemoteTarball   '33aded891bfe15c1835e92b4d9dfd456ecf391f2' ]
67 verbose addRemoteTarball [ 'https://registry.npmjs.org/ionic/-/ionic-1.6.4.tgz',
67 verbose addRemoteTarball   '2c0cd94c4316cab206796e44fe67565bf4b883a0' ]
68 info retry fetch attempt 1 at 09:42:35
69 verbose fetch to= /var/folders/cf/n381h9cd3yqf5s2fwghnz05c0000gn/T/npm-17654-L06itKVl/registry.npmjs.org/cordova/-/cordova-5.2.0.tgz
70 http GET https://registry.npmjs.org/cordova/-/cordova-5.2.0.tgz
71 info retry fetch attempt 1 at 09:42:35
72 verbose fetch to= /var/folders/cf/n381h9cd3yqf5s2fwghnz05c0000gn/T/npm-17654-L06itKVl/registry.npmjs.org/ionic/-/ionic-1.6.4.tgz
73 http GET https://registry.npmjs.org/ionic/-/ionic-1.6.4.tgz
74 http 200 https://registry.npmjs.org/ionic/-/ionic-1.6.4.tgz
75 http 200 https://registry.npmjs.org/cordova/-/cordova-5.2.0.tgz
76 silly lockFile 9778ecc1--npmjs-org-ionic-ionic-1-6-4-tgz https://registry.npmjs.org/ionic/-/ionic-1.6.4.tgz
77 silly lockFile 9778ecc1--npmjs-org-ionic-ionic-1-6-4-tgz https://registry.npmjs.org/ionic/-/ionic-1.6.4.tgz
78 silly lockFile 6a2ff0ca-ionic-1-6-4 ionic@1.6.4
79 silly lockFile 6a2ff0ca-ionic-1-6-4 ionic@1.6.4
80 silly lockFile 966fc04a-ionic ionic@
81 silly lockFile 966fc04a-ionic ionic@
82 silly lockFile a777fc73-js-org-cordova-cordova-5-2-0-tgz https://registry.npmjs.org/cordova/-/cordova-5.2.0.tgz
83 silly lockFile a777fc73-js-org-cordova-cordova-5-2-0-tgz https://registry.npmjs.org/cordova/-/cordova-5.2.0.tgz
84 silly lockFile c4fce3c5-cordova-5-2-0 cordova@5.2.0
85 silly lockFile c4fce3c5-cordova-5-2-0 cordova@5.2.0
86 silly lockFile de8d9fad-cordova cordova@
87 silly lockFile de8d9fad-cordova cordova@
88 error Error: EACCES, mkdir '/Users/dominic/.npm/cordova/5.2.0'
88 error  { [Error: EACCES, mkdir '/Users/dominic/.npm/cordova/5.2.0']
88 error   errno: 3,
88 error   code: 'EACCES',
88 error   path: '/Users/dominic/.npm/cordova/5.2.0' }
89 error Please try running this command again as root/Administrator.
90 error System Darwin 14.3.0
91 error command "node" "/usr/local/bin/npm" "install" "-g" "cordova" "ionic"
92 error cwd /Users/dominic/washing/github/wash
93 error node -v v0.10.33
94 error npm -v 1.4.28
95 error path /Users/dominic/.npm/cordova/5.2.0
96 error code EACCES
97 error errno 3
98 error stack Error: EACCES, mkdir '/Users/dominic/.npm/cordova/5.2.0'
99 verbose exit [ 3, true ]
